<?xml version="1.0" encoding="UTF-8"?>
<!-- Generated by org.testng.reporters.JUnitReportReporter -->
<testsuite hostname="RANJIT" failures="0" tests="1" name="com.ds.testLayer.LoginPageTest" time="16.064" errors="0" timestamp="2024-12-02T16:18:32 IST" skipped="0">
  <testcase classname="com.ds.testLayer.LoginPageTest" name="verifyLoginWithCorrectCred" time="16.064"/>
</testsuite> <!-- com.ds.testLayer.LoginPageTest -->
